<?xml version="1.0" encoding="UTF-8"?>
<testng-results ignored="0" total="2" passed="2" failed="0" skipped="0">
  <reporter-output>
  </reporter-output>
  <suite started-at="2021-06-18T12:17:58Z" name="Suite" finished-at="2021-06-18T12:18:10Z" duration-ms="11505">
    <groups>
    </groups>
    <test started-at="2021-06-18T12:17:58Z" name="ChromeT" finished-at="2021-06-18T12:18:03Z" duration-ms="5274">
      <class name="com.test.classes.VerifyLoginpage">
        <test-method is-config="true" signature="launch(java.lang.String)[pri:0, instance:com.test.classes.VerifyLoginpage@20ca951f]" started-at="2021-06-18T12:17:58Z" name="launch" finished-at="2021-06-18T12:18:01Z" duration-ms="2681" status="PASS">
          <params>
            <param index="0">
              <value>
                <![CDATA[Chrome]]>
              </value>
            </param>
          </params>
          <reporter-output>
          </reporter-output>
        </test-method> <!-- launch -->
        <test-method is-config="true" signature="openApp()[pri:0, instance:com.test.classes.VerifyLoginpage@20ca951f]" started-at="2021-06-18T12:18:01Z" name="openApp" finished-at="2021-06-18T12:18:02Z" duration-ms="1631" status="PASS">
          <reporter-output>
          </reporter-output>
        </test-method> <!-- openApp -->
        <test-method signature="checksignin()[pri:0, instance:com.test.classes.VerifyLoginpage@20ca951f]" started-at="2021-06-18T12:18:02Z" name="checksignin" finished-at="2021-06-18T12:18:03Z" duration-ms="727" status="PASS">
          <reporter-output>
          </reporter-output>
        </test-method> <!-- checksignin -->
        <test-method is-config="true" signature="quite()[pri:0, instance:com.test.classes.VerifyLoginpage@20ca951f]" started-at="2021-06-18T12:18:03Z" name="quite" finished-at="2021-06-18T12:18:03Z" duration-ms="196" status="PASS">
          <reporter-output>
          </reporter-output>
        </test-method> <!-- quite -->
      </class> <!-- com.test.classes.VerifyLoginpage -->
    </test> <!-- ChromeT -->
    <test started-at="2021-06-18T12:18:03Z" name="EdgeT" finished-at="2021-06-18T12:18:10Z" duration-ms="6167">
      <class name="com.test.classes.VerifyLoginpage">
        <test-method is-config="true" signature="openWorkbook()[pri:0, instance:com.test.classes.VerifyLoginpage@1583741e]" started-at="2021-06-18T12:17:57Z" name="openWorkbook" finished-at="2021-06-18T12:17:58Z" duration-ms="1290" status="PASS">
          <reporter-output>
          </reporter-output>
        </test-method> <!-- openWorkbook -->
        <test-method is-config="true" signature="launch(java.lang.String)[pri:0, instance:com.test.classes.VerifyLoginpage@1583741e]" started-at="2021-06-18T12:18:03Z" name="launch" finished-at="2021-06-18T12:18:06Z" duration-ms="2731" status="PASS">
          <params>
            <param index="0">
              <value>
                <![CDATA[Edge]]>
              </value>
            </param>
          </params>
          <reporter-output>
          </reporter-output>
        </test-method> <!-- launch -->
        <test-method is-config="true" signature="openApp()[pri:0, instance:com.test.classes.VerifyLoginpage@1583741e]" started-at="2021-06-18T12:18:06Z" name="openApp" finished-at="2021-06-18T12:18:09Z" duration-ms="2541" status="PASS">
          <reporter-output>
          </reporter-output>
        </test-method> <!-- openApp -->
        <test-method signature="checksignin()[pri:0, instance:com.test.classes.VerifyLoginpage@1583741e]" started-at="2021-06-18T12:18:09Z" name="checksignin" finished-at="2021-06-18T12:18:09Z" duration-ms="615" status="PASS">
          <reporter-output>
          </reporter-output>
        </test-method> <!-- checksignin -->
        <test-method is-config="true" signature="quite()[pri:0, instance:com.test.classes.VerifyLoginpage@1583741e]" started-at="2021-06-18T12:18:09Z" name="quite" finished-at="2021-06-18T12:18:10Z" duration-ms="274" status="PASS">
          <reporter-output>
          </reporter-output>
        </test-method> <!-- quite -->
      </class> <!-- com.test.classes.VerifyLoginpage -->
    </test> <!-- EdgeT -->
  </suite> <!-- Suite -->
</testng-results>
