<?xml version="1.0" encoding="UTF-8"?>
<!-- Generated by org.testng.reporters.JUnitXMLReporter -->
<testsuite ignored="0" hostname="DESKTOP-K0VIRNL" failures="0" tests="1" name="MozillaT" time="0.035" errors="0" timestamp="18 Jun 2021 04:28:26 GMT">
  <testcase classname="com.test.classes.VerifyLoginpage" name="@BeforeTest launch" time="0.0">
    <failure type="java.lang.NullPointerException" message="Cannot invoke &amp;quot;org.openqa.selenium.WebDriver.get(String)&amp;quot; because &amp;quot;this.driver&amp;quot; is null">
      <![CDATA[java.lang.NullPointerException: Cannot invoke "org.openqa.selenium.WebDriver.get(String)" because "this.driver" is null
at com.test.classes.VerifyLoginpage.launch(VerifyLoginpage.java:58)
... Removed 24 stack frames]]>
    </failure>
  </testcase> <!-- @BeforeTest launch -->
  <testcase classname="com.test.classes.VerifyLoginpage" name="@AfterTest close" time="0.0">
    <skipped/>
  </testcase> <!-- @AfterTest close -->
  <testcase classname="com.test.classes.VerifyLoginpage" name="checksignin" time="0.0">
    <skipped/>
  </testcase> <!-- checksignin -->
</testsuite> <!-- MozillaT -->
